Classic Timing Analyzer report for Decodificador
Thu Nov 11 15:11:01 2021
Quartus II Version 9.1 Build 350 03/24/2010 Service Pack 2 SJ Web Edition


---------------------
; Table of Contents ;
---------------------
  1. Legal Notice
  2. Timing Analyzer Summary
  3. Timing Analyzer Settings
  4. Parallel Compilation
  5. tpd
  6. Timing Analyzer Messages



----------------
; Legal Notice ;
----------------
Copyright (C) 1991-2010 Altera Corporation
Your use of Altera Corporation's design tools, logic functions 
and other software and tools, and its AMPP partner logic 
functions, and any output files from any of the foregoing 
(including device programming or simulation files), and any 
associated documentation or information are expressly subject 
to the terms and conditions of the Altera Program License 
Subscription Agreement, Altera MegaCore Function License 
Agreement, or other applicable license agreement, including, 
without limitation, that your use is for the sole purpose of 
programming logic devices manufactured by Altera and sold by 
Altera or its authorized distributors.  Please refer to the 
applicable agreement for further details.



+-------------------------------------------------------------------------------------------------------------------------+
; Timing Analyzer Summary                                                                                                 ;
+------------------------------+-------+---------------+-------------+------+------+------------+----------+--------------+
; Type                         ; Slack ; Required Time ; Actual Time ; From ; To   ; From Clock ; To Clock ; Failed Paths ;
+------------------------------+-------+---------------+-------------+------+------+------------+----------+--------------+
; Worst-case tpd               ; N/A   ; None          ; 15.405 ns   ; A[1] ; S[6] ; --         ; --       ; 0            ;
; Total number of failed paths ;       ;               ;             ;      ;      ;            ;          ; 0            ;
+------------------------------+-------+---------------+-------------+------+------+------------+----------+--------------+


+-----------------------------------------------------------------------------------------------------------------------------------------------------+
; Timing Analyzer Settings                                                                                                                            ;
+------------------------------------------------------------------------------------------------------+--------------------+------+----+-------------+
; Option                                                                                               ; Setting            ; From ; To ; Entity Name ;
+------------------------------------------------------------------------------------------------------+--------------------+------+----+-------------+
; Device Name                                                                                          ; EP2C70F896C6       ;      ;    ;             ;
; Timing Models                                                                                        ; Final              ;      ;    ;             ;
; Default hold multicycle                                                                              ; Same as Multicycle ;      ;    ;             ;
; Cut paths between unrelated clock domains                                                            ; On                 ;      ;    ;             ;
; Cut off read during write signal paths                                                               ; On                 ;      ;    ;             ;
; Cut off feedback from I/O pins                                                                       ; On                 ;      ;    ;             ;
; Report Combined Fast/Slow Timing                                                                     ; Off                ;      ;    ;             ;
; Ignore Clock Settings                                                                                ; Off                ;      ;    ;             ;
; Analyze latches as synchronous elements                                                              ; On                 ;      ;    ;             ;
; Enable Recovery/Removal analysis                                                                     ; Off                ;      ;    ;             ;
; Enable Clock Latency                                                                                 ; Off                ;      ;    ;             ;
; Use TimeQuest Timing Analyzer                                                                        ; Off                ;      ;    ;             ;
; Minimum Core Junction Temperature                                                                    ; 0                  ;      ;    ;             ;
; Maximum Core Junction Temperature                                                                    ; 85                 ;      ;    ;             ;
; Number of source nodes to report per destination node                                                ; 10                 ;      ;    ;             ;
; Number of destination nodes to report                                                                ; 10                 ;      ;    ;             ;
; Number of paths to report                                                                            ; 200                ;      ;    ;             ;
; Report Minimum Timing Checks                                                                         ; Off                ;      ;    ;             ;
; Use Fast Timing Models                                                                               ; Off                ;      ;    ;             ;
; Report IO Paths Separately                                                                           ; Off                ;      ;    ;             ;
; Perform Multicorner Analysis                                                                         ; On                 ;      ;    ;             ;
; Reports the worst-case path for each clock domain and analysis                                       ; Off                ;      ;    ;             ;
; Reports worst-case timing paths for each clock domain and analysis                                   ; On                 ;      ;    ;             ;
; Specifies the maximum number of worst-case timing paths to report for each clock domain and analysis ; 100                ;      ;    ;             ;
; Removes common clock path pessimism (CCPP) during slack computation                                  ; Off                ;      ;    ;             ;
; Output I/O Timing Endpoint                                                                           ; Near End           ;      ;    ;             ;
+------------------------------------------------------------------------------------------------------+--------------------+------+----+-------------+


Parallel compilation was disabled, but you have multiple processors available. Enable parallel compilation to reduce compilation time.
+-------------------------------------+
; Parallel Compilation                ;
+----------------------------+--------+
; Processors                 ; Number ;
+----------------------------+--------+
; Number detected on machine ; 2      ;
; Maximum allowed            ; 1      ;
+----------------------------+--------+


+-----------------------------------------------------------+
; tpd                                                       ;
+-------+-------------------+-----------------+------+------+
; Slack ; Required P2P Time ; Actual P2P Time ; From ; To   ;
+-------+-------------------+-----------------+------+------+
; N/A   ; None              ; 15.405 ns       ; A[1] ; S[6] ;
; N/A   ; None              ; 15.334 ns       ; A[1] ; S[2] ;
; N/A   ; None              ; 14.524 ns       ; A[1] ; S[1] ;
; N/A   ; None              ; 14.148 ns       ; A[1] ; S[5] ;
; N/A   ; None              ; 12.975 ns       ; A[1] ; S[3] ;
; N/A   ; None              ; 12.947 ns       ; A[1] ; S[7] ;
; N/A   ; None              ; 11.854 ns       ; A[1] ; S[0] ;
; N/A   ; None              ; 11.822 ns       ; A[1] ; S[4] ;
; N/A   ; None              ; 9.270 ns        ; A[2] ; S[6] ;
; N/A   ; None              ; 9.253 ns        ; A[0] ; S[6] ;
; N/A   ; None              ; 9.176 ns        ; A[0] ; S[2] ;
; N/A   ; None              ; 9.153 ns        ; A[2] ; S[2] ;
; N/A   ; None              ; 8.411 ns        ; A[0] ; S[1] ;
; N/A   ; None              ; 8.347 ns        ; A[2] ; S[1] ;
; N/A   ; None              ; 8.033 ns        ; A[0] ; S[5] ;
; N/A   ; None              ; 8.018 ns        ; A[2] ; S[5] ;
; N/A   ; None              ; 6.859 ns        ; A[0] ; S[3] ;
; N/A   ; None              ; 6.835 ns        ; A[0] ; S[7] ;
; N/A   ; None              ; 6.816 ns        ; A[2] ; S[7] ;
; N/A   ; None              ; 6.801 ns        ; A[2] ; S[3] ;
; N/A   ; None              ; 5.698 ns        ; A[0] ; S[0] ;
; N/A   ; None              ; 5.685 ns        ; A[2] ; S[4] ;
; N/A   ; None              ; 5.674 ns        ; A[2] ; S[0] ;
; N/A   ; None              ; 5.667 ns        ; A[0] ; S[4] ;
+-------+-------------------+-----------------+------+------+


+--------------------------+
; Timing Analyzer Messages ;
+--------------------------+
Info: *******************************************************************
Info: Running Quartus II Classic Timing Analyzer
    Info: Version 9.1 Build 350 03/24/2010 Service Pack 2 SJ Web Edition
    Info: Processing started: Thu Nov 11 15:11:00 2021
Info: Command: quartus_tan --read_settings_files=off --write_settings_files=off Decodificador -c Decodificador --timing_analysis_only
Info: Longest tpd from source pin "A[1]" to destination pin "S[6]" is 15.405 ns
    Info: 1: + IC(0.000 ns) + CELL(0.840 ns) = 0.840 ns; Loc. = PIN_AJ15; Fanout = 8; PIN Node = 'A[1]'
    Info: 2: + IC(7.103 ns) + CELL(0.275 ns) = 8.218 ns; Loc. = LCCOMB_X48_Y50_N12; Fanout = 1; COMB Node = 'Equal7~5'
    Info: 3: + IC(4.389 ns) + CELL(2.798 ns) = 15.405 ns; Loc. = PIN_AJ14; Fanout = 0; PIN Node = 'S[6]'
    Info: Total cell delay = 3.913 ns ( 25.40 % )
    Info: Total interconnect delay = 11.492 ns ( 74.60 % )
Info: Quartus II Classic Timing Analyzer was successful. 0 errors, 0 warnings
    Info: Peak virtual memory: 190 megabytes
    Info: Processing ended: Thu Nov 11 15:11:01 2021
    Info: Elapsed time: 00:00:01
    Info: Total CPU time (on all processors): 00:00:01


